Nov 18, 2022 3:31:27 PM com.ugurtech.library.application.lib.log.LogInternalFrame addLoggerFile
SEVERE: CreateResoultSet Exception com.ugurtech.library.dataaccesslayer.DaoAbstract com.ugurtech.library.dataaccesslayer.DaoAbstract
org.sqlite.DB.newSQLException(DB.java:383)
org.sqlite.DB.newSQLException(DB.java:387)
org.sqlite.DB.throwex(DB.java:374)
org.sqlite.NativeDB.prepare(Native Method)
org.sqlite.DB.prepare(DB.java:123)
org.sqlite.Stmt.executeQuery(Stmt.java:121)
com.ugurtech.library.dataaccesslayer.DaoAbstract.createResultSet(DaoAbstract.java:78)
com.ugurtech.library.dataaccesslayer.author.AuthorDaoImpl.search(AuthorDaoImpl.java:180)
com.ugurtech.library.application.service.author.AuthorServiceImpl.search(AuthorServiceImpl.java:53)
com.ugurtech.library.presentation.controller.author.AuthorController.search(AuthorController.java:52)
com.ugurtech.library.presentation.controller.author.AuthorSearchController.search(AuthorSearchController.java:31)
com.ugurtech.library.presentation.controller.author.AuthorSearchController.initView(AuthorSearchController.java:56)
com.ugurtech.library.presentation.controller.author.AuthorSearchController.<init>(AuthorSearchController.java:25)
com.ugurtech.library.presentation.view.author.AuthorSearchForm.<init>(AuthorSearchForm.java:24)
com.ugurtech.library.presentation.view.author.AuthorSearchForm.getInstance(AuthorSearchForm.java:30)
com.ugurtech.library.presentation.controller.main.MainFormController.lambda$initController$3(MainFormController.java:88)
javax.swing.AbstractButton.fireActionPerformed(AbstractButton.java:2022)
javax.swing.AbstractButton$Handler.actionPerformed(AbstractButton.java:2348)
javax.swing.DefaultButtonModel.fireActionPerformed(DefaultButtonModel.java:402)
javax.swing.DefaultButtonModel.setPressed(DefaultButtonModel.java:259)
javax.swing.plaf.basic.BasicButtonListener.mouseReleased(BasicButtonListener.java:252)
java.awt.Component.processMouseEvent(Component.java:6539)
javax.swing.JComponent.processMouseEvent(JComponent.java:3324)
java.awt.Component.processEvent(Component.java:6304)
java.awt.Container.processEvent(Container.java:2239)
java.awt.Component.dispatchEventImpl(Component.java:4889)
java.awt.Container.dispatchEventImpl(Container.java:2297)
java.awt.Component.dispatchEvent(Component.java:4711)
java.awt.LightweightDispatcher.retargetMouseEvent(Container.java:4904)
java.awt.LightweightDispatcher.processMouseEvent(Container.java:4535)
java.awt.LightweightDispatcher.dispatchEvent(Container.java:4476)
java.awt.Container.dispatchEventImpl(Container.java:2283)
java.awt.Window.dispatchEventImpl(Window.java:2746)
java.awt.Component.dispatchEvent(Component.java:4711)
java.awt.EventQueue.dispatchEventImpl(EventQueue.java:760)
java.awt.EventQueue.access$500(EventQueue.java:97)
java.awt.EventQueue$3.run(EventQueue.java:709)
java.awt.EventQueue$3.run(EventQueue.java:703)
java.security.AccessController.doPrivileged(Native Method)
java.security.ProtectionDomain$JavaSecurityAccessImpl.doIntersectionPrivilege(ProtectionDomain.java:74)
java.security.ProtectionDomain$JavaSecurityAccessImpl.doIntersectionPrivilege(ProtectionDomain.java:84)
java.awt.EventQueue$4.run(EventQueue.java:733)
java.awt.EventQueue$4.run(EventQueue.java:731)
java.security.AccessController.doPrivileged(Native Method)
java.security.ProtectionDomain$JavaSecurityAccessImpl.doIntersectionPrivilege(ProtectionDomain.java:74)
java.awt.EventQueue.dispatchEvent(EventQueue.java:730)
java.awt.EventDispatchThread.pumpOneEventForFilters(EventDispatchThread.java:205)
java.awt.EventDispatchThread.pumpEventsForFilter(EventDispatchThread.java:116)
java.awt.EventDispatchThread.pumpEventsForHierarchy(EventDispatchThread.java:105)
java.awt.EventDispatchThread.pumpEvents(EventDispatchThread.java:101)
java.awt.EventDispatchThread.pumpEvents(EventDispatchThread.java:93)
java.awt.EventDispatchThread.run(EventDispatchThread.java:82)
Nov 18, 2022 3:31:27 PM com.ugurtech.library.application.lib.log.LogInternalFrame addLoggerFile
SEVERE: search error com.ugurtech.library.dataaccesslayer.author.AuthorDaoImpl com.ugurtech.library.dataaccesslayer.author.AuthorDaoImpl
com.ugurtech.library.application.lib.sql.DbUtils.resultSetToTableModel(DbUtils.java:26)
com.ugurtech.library.dataaccesslayer.author.AuthorDaoImpl.search(AuthorDaoImpl.java:179)
com.ugurtech.library.application.service.author.AuthorServiceImpl.search(AuthorServiceImpl.java:53)
com.ugurtech.library.presentation.controller.author.AuthorController.search(AuthorController.java:52)
com.ugurtech.library.presentation.controller.author.AuthorSearchController.search(AuthorSearchController.java:31)
com.ugurtech.library.presentation.controller.author.AuthorSearchController.initView(AuthorSearchController.java:56)
com.ugurtech.library.presentation.controller.author.AuthorSearchController.<init>(AuthorSearchController.java:25)
com.ugurtech.library.presentation.view.author.AuthorSearchForm.<init>(AuthorSearchForm.java:24)
com.ugurtech.library.presentation.view.author.AuthorSearchForm.getInstance(AuthorSearchForm.java:30)
com.ugurtech.library.presentation.controller.main.MainFormController.lambda$initController$3(MainFormController.java:88)
javax.swing.AbstractButton.fireActionPerformed(AbstractButton.java:2022)
javax.swing.AbstractButton$Handler.actionPerformed(AbstractButton.java:2348)
javax.swing.DefaultButtonModel.fireActionPerformed(DefaultButtonModel.java:402)
javax.swing.DefaultButtonModel.setPressed(DefaultButtonModel.java:259)
javax.swing.plaf.basic.BasicButtonListener.mouseReleased(BasicButtonListener.java:252)
java.awt.Component.processMouseEvent(Component.java:6539)
javax.swing.JComponent.processMouseEvent(JComponent.java:3324)
java.awt.Component.processEvent(Component.java:6304)
java.awt.Container.processEvent(Container.java:2239)
java.awt.Component.dispatchEventImpl(Component.java:4889)
java.awt.Container.dispatchEventImpl(Container.java:2297)
java.awt.Component.dispatchEvent(Component.java:4711)
java.awt.LightweightDispatcher.retargetMouseEvent(Container.java:4904)
java.awt.LightweightDispatcher.processMouseEvent(Container.java:4535)
java.awt.LightweightDispatcher.dispatchEvent(Container.java:4476)
java.awt.Container.dispatchEventImpl(Container.java:2283)
java.awt.Window.dispatchEventImpl(Window.java:2746)
java.awt.Component.dispatchEvent(Component.java:4711)
java.awt.EventQueue.dispatchEventImpl(EventQueue.java:760)
java.awt.EventQueue.access$500(EventQueue.java:97)
java.awt.EventQueue$3.run(EventQueue.java:709)
java.awt.EventQueue$3.run(EventQueue.java:703)
java.security.AccessController.doPrivileged(Native Method)
java.security.ProtectionDomain$JavaSecurityAccessImpl.doIntersectionPrivilege(ProtectionDomain.java:74)
java.security.ProtectionDomain$JavaSecurityAccessImpl.doIntersectionPrivilege(ProtectionDomain.java:84)
java.awt.EventQueue$4.run(EventQueue.java:733)
java.awt.EventQueue$4.run(EventQueue.java:731)
java.security.AccessController.doPrivileged(Native Method)
java.security.ProtectionDomain$JavaSecurityAccessImpl.doIntersectionPrivilege(ProtectionDomain.java:74)
java.awt.EventQueue.dispatchEvent(EventQueue.java:730)
java.awt.EventDispatchThread.pumpOneEventForFilters(EventDispatchThread.java:205)
java.awt.EventDispatchThread.pumpEventsForFilter(EventDispatchThread.java:116)
java.awt.EventDispatchThread.pumpEventsForHierarchy(EventDispatchThread.java:105)
java.awt.EventDispatchThread.pumpEvents(EventDispatchThread.java:101)
java.awt.EventDispatchThread.pumpEvents(EventDispatchThread.java:93)
java.awt.EventDispatchThread.run(EventDispatchThread.java:82)
Nov 18, 2022 3:31:27 PM com.ugurtech.library.application.lib.log.LogInternalFrame addLoggerFile
SEVERE: search error com.ugurtech.library.dataaccesslayer.author.AuthorDaoImpl com.ugurtech.library.dataaccesslayer.author.AuthorDaoImpl
com.ugurtech.library.application.lib.sql.DbUtils.resultSetToTableModel(DbUtils.java:26)
com.ugurtech.library.dataaccesslayer.author.AuthorDaoImpl.search(AuthorDaoImpl.java:179)
com.ugurtech.library.application.service.author.AuthorServiceImpl.search(AuthorServiceImpl.java:53)
com.ugurtech.library.presentation.controller.author.AuthorController.search(AuthorController.java:52)
com.ugurtech.library.presentation.controller.author.AuthorSearchController.search(AuthorSearchController.java:31)
com.ugurtech.library.presentation.controller.author.AuthorSearchController.initView(AuthorSearchController.java:56)
com.ugurtech.library.presentation.controller.author.AuthorSearchController.<init>(AuthorSearchController.java:25)
com.ugurtech.library.presentation.view.author.AuthorSearchForm.<init>(AuthorSearchForm.java:24)
com.ugurtech.library.presentation.view.author.AuthorSearchForm.getInstance(AuthorSearchForm.java:30)
com.ugurtech.library.presentation.controller.main.MainFormController.lambda$initController$3(MainFormController.java:88)
javax.swing.AbstractButton.fireActionPerformed(AbstractButton.java:2022)
javax.swing.AbstractButton$Handler.actionPerformed(AbstractButton.java:2348)
javax.swing.DefaultButtonModel.fireActionPerformed(DefaultButtonModel.java:402)
javax.swing.DefaultButtonModel.setPressed(DefaultButtonModel.java:259)
javax.swing.plaf.basic.BasicButtonListener.mouseReleased(BasicButtonListener.java:252)
java.awt.Component.processMouseEvent(Component.java:6539)
javax.swing.JComponent.processMouseEvent(JComponent.java:3324)
java.awt.Component.processEvent(Component.java:6304)
java.awt.Container.processEvent(Container.java:2239)
java.awt.Component.dispatchEventImpl(Component.java:4889)
java.awt.Container.dispatchEventImpl(Container.java:2297)
java.awt.Component.dispatchEvent(Component.java:4711)
java.awt.LightweightDispatcher.retargetMouseEvent(Container.java:4904)
java.awt.LightweightDispatcher.processMouseEvent(Container.java:4535)
java.awt.LightweightDispatcher.dispatchEvent(Container.java:4476)
java.awt.Container.dispatchEventImpl(Container.java:2283)
java.awt.Window.dispatchEventImpl(Window.java:2746)
java.awt.Component.dispatchEvent(Component.java:4711)
java.awt.EventQueue.dispatchEventImpl(EventQueue.java:760)
java.awt.EventQueue.access$500(EventQueue.java:97)
java.awt.EventQueue$3.run(EventQueue.java:709)
java.awt.EventQueue$3.run(EventQueue.java:703)
java.security.AccessController.doPrivileged(Native Method)
java.security.ProtectionDomain$JavaSecurityAccessImpl.doIntersectionPrivilege(ProtectionDomain.java:74)
java.security.ProtectionDomain$JavaSecurityAccessImpl.doIntersectionPrivilege(ProtectionDomain.java:84)
java.awt.EventQueue$4.run(EventQueue.java:733)
java.awt.EventQueue$4.run(EventQueue.java:731)
java.security.AccessController.doPrivileged(Native Method)
java.security.ProtectionDomain$JavaSecurityAccessImpl.doIntersectionPrivilege(ProtectionDomain.java:74)
java.awt.EventQueue.dispatchEvent(EventQueue.java:730)
java.awt.EventDispatchThread.pumpOneEventForFilters(EventDispatchThread.java:205)
java.awt.EventDispatchThread.pumpEventsForFilter(EventDispatchThread.java:116)
java.awt.EventDispatchThread.pumpEventsForHierarchy(EventDispatchThread.java:105)
java.awt.EventDispatchThread.pumpEvents(EventDispatchThread.java:101)
java.awt.EventDispatchThread.pumpEvents(EventDispatchThread.java:93)
java.awt.EventDispatchThread.run(EventDispatchThread.java:82)
Nov 19, 2022 9:55:34 PM com.ugurtech.library.application.lib.log.LogInternalFrame addLoggerFile
SEVERE: CreateResoultSet Exception com.ugurtech.library.dataaccesslayer.DaoAbstract com.ugurtech.library.dataaccesslayer.DaoAbstract
org.sqlite.DB.newSQLException(DB.java:383)
org.sqlite.DB.newSQLException(DB.java:387)
org.sqlite.DB.throwex(DB.java:374)
org.sqlite.NativeDB.prepare(Native Method)
org.sqlite.DB.prepare(DB.java:123)
org.sqlite.Stmt.executeQuery(Stmt.java:121)
com.ugurtech.library.dataaccesslayer.DaoAbstract.createResultSet(DaoAbstract.java:78)
com.ugurtech.library.dataaccesslayer.author.AuthorDaoImpl.search(AuthorDaoImpl.java:180)
com.ugurtech.library.application.service.author.AuthorServiceImpl.search(AuthorServiceImpl.java:53)
com.ugurtech.library.presentation.controller.author.AuthorController.search(AuthorController.java:52)
com.ugurtech.library.presentation.controller.author.AuthorSearchController.search(AuthorSearchController.java:31)
com.ugurtech.library.presentation.controller.author.AuthorSearchController.initView(AuthorSearchController.java:56)
com.ugurtech.library.presentation.controller.author.AuthorSearchController.<init>(AuthorSearchController.java:25)
com.ugurtech.library.presentation.view.author.AuthorSearchForm.<init>(AuthorSearchForm.java:24)
com.ugurtech.library.presentation.view.author.AuthorSearchForm.getInstance(AuthorSearchForm.java:30)
com.ugurtech.library.presentation.controller.main.MainFormController.lambda$initController$3(MainFormController.java:88)
javax.swing.AbstractButton.fireActionPerformed(AbstractButton.java:2022)
javax.swing.AbstractButton$Handler.actionPerformed(AbstractButton.java:2348)
javax.swing.DefaultButtonModel.fireActionPerformed(DefaultButtonModel.java:402)
javax.swing.DefaultButtonModel.setPressed(DefaultButtonModel.java:259)
javax.swing.plaf.basic.BasicButtonListener.mouseReleased(BasicButtonListener.java:252)
java.awt.Component.processMouseEvent(Component.java:6539)
javax.swing.JComponent.processMouseEvent(JComponent.java:3324)
java.awt.Component.processEvent(Component.java:6304)
java.awt.Container.processEvent(Container.java:2239)
java.awt.Component.dispatchEventImpl(Component.java:4889)
java.awt.Container.dispatchEventImpl(Container.java:2297)
java.awt.Component.dispatchEvent(Component.java:4711)
java.awt.LightweightDispatcher.retargetMouseEvent(Container.java:4904)
java.awt.LightweightDispatcher.processMouseEvent(Container.java:4535)
java.awt.LightweightDispatcher.dispatchEvent(Container.java:4476)
java.awt.Container.dispatchEventImpl(Container.java:2283)
java.awt.Window.dispatchEventImpl(Window.java:2746)
java.awt.Component.dispatchEvent(Component.java:4711)
java.awt.EventQueue.dispatchEventImpl(EventQueue.java:760)
java.awt.EventQueue.access$500(EventQueue.java:97)
java.awt.EventQueue$3.run(EventQueue.java:709)
java.awt.EventQueue$3.run(EventQueue.java:703)
java.security.AccessController.doPrivileged(Native Method)
java.security.ProtectionDomain$JavaSecurityAccessImpl.doIntersectionPrivilege(ProtectionDomain.java:74)
java.security.ProtectionDomain$JavaSecurityAccessImpl.doIntersectionPrivilege(ProtectionDomain.java:84)
java.awt.EventQueue$4.run(EventQueue.java:733)
java.awt.EventQueue$4.run(EventQueue.java:731)
java.security.AccessController.doPrivileged(Native Method)
java.security.ProtectionDomain$JavaSecurityAccessImpl.doIntersectionPrivilege(ProtectionDomain.java:74)
java.awt.EventQueue.dispatchEvent(EventQueue.java:730)
java.awt.EventDispatchThread.pumpOneEventForFilters(EventDispatchThread.java:205)
java.awt.EventDispatchThread.pumpEventsForFilter(EventDispatchThread.java:116)
java.awt.EventDispatchThread.pumpEventsForHierarchy(EventDispatchThread.java:105)
java.awt.EventDispatchThread.pumpEvents(EventDispatchThread.java:101)
java.awt.EventDispatchThread.pumpEvents(EventDispatchThread.java:93)
java.awt.EventDispatchThread.run(EventDispatchThread.java:82)
Nov 19, 2022 9:55:34 PM com.ugurtech.library.application.lib.log.LogInternalFrame addLoggerFile
SEVERE: search error com.ugurtech.library.dataaccesslayer.author.AuthorDaoImpl com.ugurtech.library.dataaccesslayer.author.AuthorDaoImpl
com.ugurtech.library.application.lib.sql.DbUtils.resultSetToTableModel(DbUtils.java:26)
com.ugurtech.library.dataaccesslayer.author.AuthorDaoImpl.search(AuthorDaoImpl.java:179)
com.ugurtech.library.application.service.author.AuthorServiceImpl.search(AuthorServiceImpl.java:53)
com.ugurtech.library.presentation.controller.author.AuthorController.search(AuthorController.java:52)
com.ugurtech.library.presentation.controller.author.AuthorSearchController.search(AuthorSearchController.java:31)
com.ugurtech.library.presentation.controller.author.AuthorSearchController.initView(AuthorSearchController.java:56)
com.ugurtech.library.presentation.controller.author.AuthorSearchController.<init>(AuthorSearchController.java:25)
com.ugurtech.library.presentation.view.author.AuthorSearchForm.<init>(AuthorSearchForm.java:24)
com.ugurtech.library.presentation.view.author.AuthorSearchForm.getInstance(AuthorSearchForm.java:30)
com.ugurtech.library.presentation.controller.main.MainFormController.lambda$initController$3(MainFormController.java:88)
javax.swing.AbstractButton.fireActionPerformed(AbstractButton.java:2022)
javax.swing.AbstractButton$Handler.actionPerformed(AbstractButton.java:2348)
javax.swing.DefaultButtonModel.fireActionPerformed(DefaultButtonModel.java:402)
javax.swing.DefaultButtonModel.setPressed(DefaultButtonModel.java:259)
javax.swing.plaf.basic.BasicButtonListener.mouseReleased(BasicButtonListener.java:252)
java.awt.Component.processMouseEvent(Component.java:6539)
javax.swing.JComponent.processMouseEvent(JComponent.java:3324)
java.awt.Component.processEvent(Component.java:6304)
java.awt.Container.processEvent(Container.java:2239)
java.awt.Component.dispatchEventImpl(Component.java:4889)
java.awt.Container.dispatchEventImpl(Container.java:2297)
java.awt.Component.dispatchEvent(Component.java:4711)
java.awt.LightweightDispatcher.retargetMouseEvent(Container.java:4904)
java.awt.LightweightDispatcher.processMouseEvent(Container.java:4535)
java.awt.LightweightDispatcher.dispatchEvent(Container.java:4476)
java.awt.Container.dispatchEventImpl(Container.java:2283)
java.awt.Window.dispatchEventImpl(Window.java:2746)
java.awt.Component.dispatchEvent(Component.java:4711)
java.awt.EventQueue.dispatchEventImpl(EventQueue.java:760)
java.awt.EventQueue.access$500(EventQueue.java:97)
java.awt.EventQueue$3.run(EventQueue.java:709)
java.awt.EventQueue$3.run(EventQueue.java:703)
java.security.AccessController.doPrivileged(Native Method)
java.security.ProtectionDomain$JavaSecurityAccessImpl.doIntersectionPrivilege(ProtectionDomain.java:74)
java.security.ProtectionDomain$JavaSecurityAccessImpl.doIntersectionPrivilege(ProtectionDomain.java:84)
java.awt.EventQueue$4.run(EventQueue.java:733)
java.awt.EventQueue$4.run(EventQueue.java:731)
java.security.AccessController.doPrivileged(Native Method)
java.security.ProtectionDomain$JavaSecurityAccessImpl.doIntersectionPrivilege(ProtectionDomain.java:74)
java.awt.EventQueue.dispatchEvent(EventQueue.java:730)
java.awt.EventDispatchThread.pumpOneEventForFilters(EventDispatchThread.java:205)
java.awt.EventDispatchThread.pumpEventsForFilter(EventDispatchThread.java:116)
java.awt.EventDispatchThread.pumpEventsForHierarchy(EventDispatchThread.java:105)
java.awt.EventDispatchThread.pumpEvents(EventDispatchThread.java:101)
java.awt.EventDispatchThread.pumpEvents(EventDispatchThread.java:93)
java.awt.EventDispatchThread.run(EventDispatchThread.java:82)
Nov 19, 2022 9:55:34 PM com.ugurtech.library.application.lib.log.LogInternalFrame addLoggerFile
SEVERE: search error com.ugurtech.library.dataaccesslayer.author.AuthorDaoImpl com.ugurtech.library.dataaccesslayer.author.AuthorDaoImpl
com.ugurtech.library.application.lib.sql.DbUtils.resultSetToTableModel(DbUtils.java:26)
com.ugurtech.library.dataaccesslayer.author.AuthorDaoImpl.search(AuthorDaoImpl.java:179)
com.ugurtech.library.application.service.author.AuthorServiceImpl.search(AuthorServiceImpl.java:53)
com.ugurtech.library.presentation.controller.author.AuthorController.search(AuthorController.java:52)
com.ugurtech.library.presentation.controller.author.AuthorSearchController.search(AuthorSearchController.java:31)
com.ugurtech.library.presentation.controller.author.AuthorSearchController.initView(AuthorSearchController.java:56)
com.ugurtech.library.presentation.controller.author.AuthorSearchController.<init>(AuthorSearchController.java:25)
com.ugurtech.library.presentation.view.author.AuthorSearchForm.<init>(AuthorSearchForm.java:24)
com.ugurtech.library.presentation.view.author.AuthorSearchForm.getInstance(AuthorSearchForm.java:30)
com.ugurtech.library.presentation.controller.main.MainFormController.lambda$initController$3(MainFormController.java:88)
javax.swing.AbstractButton.fireActionPerformed(AbstractButton.java:2022)
javax.swing.AbstractButton$Handler.actionPerformed(AbstractButton.java:2348)
javax.swing.DefaultButtonModel.fireActionPerformed(DefaultButtonModel.java:402)
javax.swing.DefaultButtonModel.setPressed(DefaultButtonModel.java:259)
javax.swing.plaf.basic.BasicButtonListener.mouseReleased(BasicButtonListener.java:252)
java.awt.Component.processMouseEvent(Component.java:6539)
javax.swing.JComponent.processMouseEvent(JComponent.java:3324)
java.awt.Component.processEvent(Component.java:6304)
java.awt.Container.processEvent(Container.java:2239)
java.awt.Component.dispatchEventImpl(Component.java:4889)
java.awt.Container.dispatchEventImpl(Container.java:2297)
java.awt.Component.dispatchEvent(Component.java:4711)
java.awt.LightweightDispatcher.retargetMouseEvent(Container.java:4904)
java.awt.LightweightDispatcher.processMouseEvent(Container.java:4535)
java.awt.LightweightDispatcher.dispatchEvent(Container.java:4476)
java.awt.Container.dispatchEventImpl(Container.java:2283)
java.awt.Window.dispatchEventImpl(Window.java:2746)
java.awt.Component.dispatchEvent(Component.java:4711)
java.awt.EventQueue.dispatchEventImpl(EventQueue.java:760)
java.awt.EventQueue.access$500(EventQueue.java:97)
java.awt.EventQueue$3.run(EventQueue.java:709)
java.awt.EventQueue$3.run(EventQueue.java:703)
java.security.AccessController.doPrivileged(Native Method)
java.security.ProtectionDomain$JavaSecurityAccessImpl.doIntersectionPrivilege(ProtectionDomain.java:74)
java.security.ProtectionDomain$JavaSecurityAccessImpl.doIntersectionPrivilege(ProtectionDomain.java:84)
java.awt.EventQueue$4.run(EventQueue.java:733)
java.awt.EventQueue$4.run(EventQueue.java:731)
java.security.AccessController.doPrivileged(Native Method)
java.security.ProtectionDomain$JavaSecurityAccessImpl.doIntersectionPrivilege(ProtectionDomain.java:74)
java.awt.EventQueue.dispatchEvent(EventQueue.java:730)
java.awt.EventDispatchThread.pumpOneEventForFilters(EventDispatchThread.java:205)
java.awt.EventDispatchThread.pumpEventsForFilter(EventDispatchThread.java:116)
java.awt.EventDispatchThread.pumpEventsForHierarchy(EventDispatchThread.java:105)
java.awt.EventDispatchThread.pumpEvents(EventDispatchThread.java:101)
java.awt.EventDispatchThread.pumpEvents(EventDispatchThread.java:93)
java.awt.EventDispatchThread.run(EventDispatchThread.java:82)
Nov 20, 2022 3:39:22 PM com.ugurtech.library.application.lib.log.LogInternalFrame addLoggerFile
SEVERE: CreateResoultSet Exception com.ugurtech.library.dataaccesslayer.DaoAbstract com.ugurtech.library.dataaccesslayer.DaoAbstract
org.sqlite.DB.newSQLException(DB.java:383)
org.sqlite.DB.newSQLException(DB.java:387)
org.sqlite.DB.throwex(DB.java:374)
org.sqlite.NativeDB.prepare(Native Method)
org.sqlite.DB.prepare(DB.java:123)
org.sqlite.Stmt.executeQuery(Stmt.java:121)
com.ugurtech.library.dataaccesslayer.DaoAbstract.createResultSet(DaoAbstract.java:78)
com.ugurtech.library.dataaccesslayer.usertype.UserTypeDaoImpl.search(UserTypeDaoImpl.java:71)
com.ugurtech.library.application.service.usertype.UserTypeServiceImpl.search(UserTypeServiceImpl.java:51)
com.ugurtech.library.presentation.controller.usertype.UserTypeController.search(UserTypeController.java:50)
com.ugurtech.library.presentation.view.usertype.UserTypeSearchForm.search(UserTypeSearchForm.java:168)
com.ugurtech.library.presentation.view.usertype.UserTypeSearchForm.<init>(UserTypeSearchForm.java:16)
com.ugurtech.library.presentation.view.usertype.UserTypeSearchForm.<clinit>(UserTypeSearchForm.java:11)
com.ugurtech.library.presentation.controller.main.MainFormController.lambda$initController$10(MainFormController.java:110)
javax.swing.AbstractButton.fireActionPerformed(AbstractButton.java:2022)
javax.swing.AbstractButton$Handler.actionPerformed(AbstractButton.java:2348)
javax.swing.DefaultButtonModel.fireActionPerformed(DefaultButtonModel.java:402)
javax.swing.DefaultButtonModel.setPressed(DefaultButtonModel.java:259)
javax.swing.plaf.basic.BasicButtonListener.mouseReleased(BasicButtonListener.java:252)
java.awt.Component.processMouseEvent(Component.java:6539)
javax.swing.JComponent.processMouseEvent(JComponent.java:3324)
java.awt.Component.processEvent(Component.java:6304)
java.awt.Container.processEvent(Container.java:2239)
java.awt.Component.dispatchEventImpl(Component.java:4889)
java.awt.Container.dispatchEventImpl(Container.java:2297)
java.awt.Component.dispatchEvent(Component.java:4711)
java.awt.LightweightDispatcher.retargetMouseEvent(Container.java:4904)
java.awt.LightweightDispatcher.processMouseEvent(Container.java:4535)
java.awt.LightweightDispatcher.dispatchEvent(Container.java:4476)
java.awt.Container.dispatchEventImpl(Container.java:2283)
java.awt.Window.dispatchEventImpl(Window.java:2746)
java.awt.Component.dispatchEvent(Component.java:4711)
java.awt.EventQueue.dispatchEventImpl(EventQueue.java:760)
java.awt.EventQueue.access$500(EventQueue.java:97)
java.awt.EventQueue$3.run(EventQueue.java:709)
java.awt.EventQueue$3.run(EventQueue.java:703)
java.security.AccessController.doPrivileged(Native Method)
java.security.ProtectionDomain$JavaSecurityAccessImpl.doIntersectionPrivilege(ProtectionDomain.java:74)
java.security.ProtectionDomain$JavaSecurityAccessImpl.doIntersectionPrivilege(ProtectionDomain.java:84)
java.awt.EventQueue$4.run(EventQueue.java:733)
java.awt.EventQueue$4.run(EventQueue.java:731)
java.security.AccessController.doPrivileged(Native Method)
java.security.ProtectionDomain$JavaSecurityAccessImpl.doIntersectionPrivilege(ProtectionDomain.java:74)
java.awt.EventQueue.dispatchEvent(EventQueue.java:730)
java.awt.EventDispatchThread.pumpOneEventForFilters(EventDispatchThread.java:205)
java.awt.EventDispatchThread.pumpEventsForFilter(EventDispatchThread.java:116)
java.awt.EventDispatchThread.pumpEventsForHierarchy(EventDispatchThread.java:105)
java.awt.EventDispatchThread.pumpEvents(EventDispatchThread.java:101)
java.awt.EventDispatchThread.pumpEvents(EventDispatchThread.java:93)
java.awt.EventDispatchThread.run(EventDispatchThread.java:82)
